<?xml version="1.0" encoding="UTF-8"?>
<!-- Generated by org.testng.reporters.JUnitXMLReporter -->
<testsuite ignored="0" hostname="DESKTOP-L72UVA6" failures="0" tests="7" name="my tests" time="6.893" errors="0" timestamp="2025-07-12T21:37:38 IST">
  <testcase classname="day42.OrangeHrmTestNGTest" name="openApp" time="3.549"/>
  <testcase classname="day42.OrangeHrmTestNGTest" name="testLogo" time="3.041"/>
  <testcase classname="day42.OrangeHrmTestNGTest" name="login" time="0.142"/>
  <testcase classname="day42.OrangeHrmTestNGTest" name="closeApp" time="0.11"/>
  <testcase classname="day42.FirstTestNGTestCase" name="openapp" time="0.002"/>
  <testcase classname="day42.FirstTestNGTestCase" name="login" time="0.001"/>
  <testcase classname="day42.FirstTestNGTestCase" name="logout" time="0.001"/>
</testsuite> <!-- my tests -->
