<?xml version="1.0" encoding="UTF-8"?>
<!-- Generated by org.testng.reporters.JUnitXMLReporter -->
<testsuite ignored="0" hostname="DESKTOP-L72UVA6" failures="0" tests="4" name="Test" time="7.319" errors="0" timestamp="2025-07-12T21:25:46 IST">
  <testcase classname="day42.OrangeHrmTestNGTest" name="openApp" time="3.985"/>
  <testcase classname="day42.OrangeHrmTestNGTest" name="testLogo" time="3.035"/>
  <testcase classname="day42.OrangeHrmTestNGTest" name="login" time="0.134"/>
  <testcase classname="day42.OrangeHrmTestNGTest" name="closeApp" time="0.124"/>
</testsuite> <!-- Test -->
