<?xml version="1.0" encoding="UTF-8"?>
<testng-results ignored="0" total="2" passed="2" failed="0" skipped="0">
  <reporter-output>
  </reporter-output>
  <suite started-at="2025-07-13T00:38:37 IST" name="Default suite" finished-at="2025-07-13T00:38:37 IST" duration-ms="53">
    <groups>
    </groups>
    <test started-at="2025-07-13T00:38:37 IST" name="Default test" finished-at="2025-07-13T00:38:37 IST" duration-ms="53">
      <class name="day43.BeforeAfterClassAnnotations">
        <test-method is-config="true" signature="login()[pri:0, instance:day43.BeforeAfterClassAnnotations@72d1ad2e]" started-at="2025-07-13T00:38:37 IST" name="login" finished-at="2025-07-13T00:38:37 IST" duration-ms="12" status="PASS">
          <reporter-output>
          </reporter-output>
        </test-method> <!-- login -->
        <test-method signature="search()[pri:1, instance:day43.BeforeAfterClassAnnotations@72d1ad2e]" started-at="2025-07-13T00:38:37 IST" name="search" finished-at="2025-07-13T00:38:37 IST" duration-ms="7" status="PASS">
          <reporter-output>
          </reporter-output>
        </test-method> <!-- search -->
        <test-method signature="advancedSearch()[pri:2, instance:day43.BeforeAfterClassAnnotations@72d1ad2e]" started-at="2025-07-13T00:38:37 IST" name="advancedSearch" finished-at="2025-07-13T00:38:37 IST" duration-ms="1" status="PASS">
          <reporter-output>
          </reporter-output>
        </test-method> <!-- advancedSearch -->
        <test-method is-config="true" signature="logout()[pri:0, instance:day43.BeforeAfterClassAnnotations@72d1ad2e]" started-at="2025-07-13T00:38:37 IST" name="logout" finished-at="2025-07-13T00:38:37 IST" duration-ms="0" status="PASS">
          <reporter-output>
          </reporter-output>
        </test-method> <!-- logout -->
      </class> <!-- day43.BeforeAfterClassAnnotations -->
    </test> <!-- Default test -->
  </suite> <!-- Default suite -->
</testng-results>
